{"/home/ilegra/Documents/Gustavo/ws-intellij/ilegra-frontend/04 - Spotify/src/functions.js": {"path":"/home/ilegra/Documents/Gustavo/ws-intellij/ilegra-frontend/04 - Spotify/src/functions.js","statementMap":{"0":{"start":{"line":1,"column":0},"end":{"line":1,"column":37}},"1":{"start":{"line":3,"column":23},"end":{"line":3,"column":57}},"2":{"start":{"line":5,"column":16},"end":{"line":8,"column":2}},"3":{"start":{"line":10,"column":0},"end":{"line":26,"column":1}},"4":{"start":{"line":11,"column":20},"end":{"line":11,"column":22}},"5":{"start":{"line":13,"column":2},"end":{"line":25,"column":4}},"6":{"start":{"line":15,"column":4},"end":{"line":24,"column":44}},"7":{"start":{"line":16,"column":6},"end":{"line":22,"column":9}},"8":{"start":{"line":17,"column":8},"end":{"line":17,"column":75}},"9":{"start":{"line":17,"column":40},"end":{"line":17,"column":73}},"10":{"start":{"line":19,"column":8},"end":{"line":19,"column":61}},"11":{"start":{"line":19,"column":55},"end":{"line":19,"column":60}},"12":{"start":{"line":21,"column":8},"end":{"line":21,"column":35}},"13":{"start":{"line":24,"column":6},"end":{"line":24,"column":44}},"14":{"start":{"line":28,"column":0},"end":{"line":42,"column":1}},"15":{"start":{"line":29,"column":2},"end":{"line":41,"column":4}},"16":{"start":{"line":31,"column":4},"end":{"line":40,"column":44}},"17":{"start":{"line":32,"column":6},"end":{"line":38,"column":9}},"18":{"start":{"line":33,"column":8},"end":{"line":35,"column":50}},"19":{"start":{"line":34,"column":28},"end":{"line":34,"column":48}},"20":{"start":{"line":35,"column":25},"end":{"line":35,"column":45}},"21":{"start":{"line":37,"column":8},"end":{"line":37,"column":26}},"22":{"start":{"line":40,"column":6},"end":{"line":40,"column":44}},"23":{"start":{"line":44,"column":0},"end":{"line":56,"column":1}},"24":{"start":{"line":45,"column":2},"end":{"line":55,"column":4}},"25":{"start":{"line":47,"column":4},"end":{"line":54,"column":46}},"26":{"start":{"line":48,"column":6},"end":{"line":52,"column":9}},"27":{"start":{"line":49,"column":8},"end":{"line":49,"column":49}},"28":{"start":{"line":51,"column":8},"end":{"line":51,"column":34}},"29":{"start":{"line":54,"column":6},"end":{"line":54,"column":46}},"30":{"start":{"line":58,"column":0},"end":{"line":76,"column":1}},"31":{"start":{"line":59,"column":2},"end":{"line":75,"column":4}},"32":{"start":{"line":61,"column":4},"end":{"line":74,"column":46}},"33":{"start":{"line":62,"column":6},"end":{"line":71,"column":9}},"34":{"start":{"line":63,"column":8},"end":{"line":65,"column":47}},"35":{"start":{"line":64,"column":28},"end":{"line":64,"column":50}},"36":{"start":{"line":65,"column":25},"end":{"line":65,"column":42}},"37":{"start":{"line":67,"column":8},"end":{"line":68,"column":30}},"38":{"start":{"line":68,"column":10},"end":{"line":68,"column":30}},"39":{"start":{"line":70,"column":8},"end":{"line":70,"column":48}},"40":{"start":{"line":74,"column":6},"end":{"line":74,"column":46}},"41":{"start":{"line":78,"column":0},"end":{"line":100,"column":1}},"42":{"start":{"line":79,"column":13},"end":{"line":79,"column":22}},"43":{"start":{"line":81,"column":2},"end":{"line":99,"column":4}},"44":{"start":{"line":83,"column":4},"end":{"line":98,"column":44}},"45":{"start":{"line":84,"column":6},"end":{"line":96,"column":9}},"46":{"start":{"line":85,"column":8},"end":{"line":89,"column":10}},"47":{"start":{"line":86,"column":10},"end":{"line":88,"column":11}},"48":{"start":{"line":91,"column":20},"end":{"line":91,"column":22}},"49":{"start":{"line":93,"column":8},"end":{"line":93,"column":48}},"50":{"start":{"line":93,"column":33},"end":{"line":93,"column":48}},"51":{"start":{"line":95,"column":8},"end":{"line":95,"column":20}},"52":{"start":{"line":98,"column":6},"end":{"line":98,"column":44}},"53":{"start":{"line":102,"column":0},"end":{"line":120,"column":1}},"54":{"start":{"line":103,"column":22},"end":{"line":103,"column":24}},"55":{"start":{"line":105,"column":2},"end":{"line":119,"column":4}},"56":{"start":{"line":107,"column":4},"end":{"line":118,"column":44}},"57":{"start":{"line":108,"column":6},"end":{"line":116,"column":9}},"58":{"start":{"line":109,"column":8},"end":{"line":109,"column":76}},"59":{"start":{"line":109,"column":40},"end":{"line":109,"column":74}},"60":{"start":{"line":111,"column":30},"end":{"line":113,"column":9}},"61":{"start":{"line":112,"column":39},"end":{"line":112,"column":44}},"62":{"start":{"line":115,"column":8},"end":{"line":115,"column":30}},"63":{"start":{"line":118,"column":6},"end":{"line":118,"column":44}},"64":{"start":{"line":122,"column":0},"end":{"line":133,"column":1}},"65":{"start":{"line":123,"column":2},"end":{"line":132,"column":4}},"66":{"start":{"line":124,"column":4},"end":{"line":131,"column":44}},"67":{"start":{"line":125,"column":6},"end":{"line":129,"column":9}},"68":{"start":{"line":126,"column":8},"end":{"line":126,"column":43}},"69":{"start":{"line":128,"column":8},"end":{"line":128,"column":31}},"70":{"start":{"line":131,"column":6},"end":{"line":131,"column":44}}},"fnMap":{"0":{"name":"(anonymous_0)","decl":{"start":{"line":10,"column":40},"end":{"line":10,"column":41}},"loc":{"start":{"line":10,"column":52},"end":{"line":26,"column":1}},"line":10},"1":{"name":"(anonymous_1)","decl":{"start":{"line":13,"column":21},"end":{"line":13,"column":22}},"loc":{"start":{"line":13,"column":42},"end":{"line":25,"column":3}},"line":13},"2":{"name":"(anonymous_2)","decl":{"start":{"line":16,"column":41},"end":{"line":16,"column":42}},"loc":{"start":{"line":16,"column":51},"end":{"line":22,"column":7}},"line":16},"3":{"name":"(anonymous_3)","decl":{"start":{"line":17,"column":30},"end":{"line":17,"column":31}},"loc":{"start":{"line":17,"column":40},"end":{"line":17,"column":73}},"line":17},"4":{"name":"(anonymous_4)","decl":{"start":{"line":19,"column":45},"end":{"line":19,"column":46}},"loc":{"start":{"line":19,"column":55},"end":{"line":19,"column":60}},"line":19},"5":{"name":"(anonymous_5)","decl":{"start":{"line":28,"column":44},"end":{"line":28,"column":45}},"loc":{"start":{"line":28,"column":56},"end":{"line":42,"column":1}},"line":28},"6":{"name":"(anonymous_6)","decl":{"start":{"line":29,"column":21},"end":{"line":29,"column":22}},"loc":{"start":{"line":29,"column":42},"end":{"line":41,"column":3}},"line":29},"7":{"name":"(anonymous_7)","decl":{"start":{"line":32,"column":42},"end":{"line":32,"column":43}},"loc":{"start":{"line":32,"column":52},"end":{"line":38,"column":7}},"line":32},"8":{"name":"(anonymous_8)","decl":{"start":{"line":34,"column":18},"end":{"line":34,"column":19}},"loc":{"start":{"line":34,"column":28},"end":{"line":34,"column":48}},"line":34},"9":{"name":"(anonymous_9)","decl":{"start":{"line":35,"column":15},"end":{"line":35,"column":16}},"loc":{"start":{"line":35,"column":25},"end":{"line":35,"column":45}},"line":35},"10":{"name":"(anonymous_10)","decl":{"start":{"line":44,"column":44},"end":{"line":44,"column":45}},"loc":{"start":{"line":44,"column":58},"end":{"line":56,"column":1}},"line":44},"11":{"name":"(anonymous_11)","decl":{"start":{"line":45,"column":21},"end":{"line":45,"column":22}},"loc":{"start":{"line":45,"column":42},"end":{"line":55,"column":3}},"line":45},"12":{"name":"(anonymous_12)","decl":{"start":{"line":48,"column":46},"end":{"line":48,"column":47}},"loc":{"start":{"line":48,"column":56},"end":{"line":52,"column":7}},"line":48},"13":{"name":"(anonymous_13)","decl":{"start":{"line":58,"column":41},"end":{"line":58,"column":42}},"loc":{"start":{"line":58,"column":55},"end":{"line":76,"column":1}},"line":58},"14":{"name":"(anonymous_14)","decl":{"start":{"line":59,"column":21},"end":{"line":59,"column":22}},"loc":{"start":{"line":59,"column":42},"end":{"line":75,"column":3}},"line":59},"15":{"name":"(anonymous_15)","decl":{"start":{"line":62,"column":46},"end":{"line":62,"column":47}},"loc":{"start":{"line":62,"column":56},"end":{"line":71,"column":7}},"line":62},"16":{"name":"(anonymous_16)","decl":{"start":{"line":64,"column":18},"end":{"line":64,"column":19}},"loc":{"start":{"line":64,"column":28},"end":{"line":64,"column":50}},"line":64},"17":{"name":"(anonymous_17)","decl":{"start":{"line":65,"column":15},"end":{"line":65,"column":16}},"loc":{"start":{"line":65,"column":25},"end":{"line":65,"column":42}},"line":65},"18":{"name":"(anonymous_18)","decl":{"start":{"line":78,"column":46},"end":{"line":78,"column":47}},"loc":{"start":{"line":78,"column":57},"end":{"line":100,"column":1}},"line":78},"19":{"name":"(anonymous_19)","decl":{"start":{"line":81,"column":21},"end":{"line":81,"column":22}},"loc":{"start":{"line":81,"column":42},"end":{"line":99,"column":3}},"line":81},"20":{"name":"(anonymous_20)","decl":{"start":{"line":84,"column":40},"end":{"line":84,"column":41}},"loc":{"start":{"line":84,"column":50},"end":{"line":96,"column":7}},"line":84},"21":{"name":"(anonymous_21)","decl":{"start":{"line":85,"column":30},"end":{"line":85,"column":31}},"loc":{"start":{"line":86,"column":10},"end":{"line":88,"column":11}},"line":86},"22":{"name":"(anonymous_22)","decl":{"start":{"line":102,"column":50},"end":{"line":102,"column":51}},"loc":{"start":{"line":102,"column":61},"end":{"line":120,"column":1}},"line":102},"23":{"name":"(anonymous_23)","decl":{"start":{"line":105,"column":21},"end":{"line":105,"column":22}},"loc":{"start":{"line":105,"column":42},"end":{"line":119,"column":3}},"line":105},"24":{"name":"(anonymous_24)","decl":{"start":{"line":108,"column":40},"end":{"line":108,"column":41}},"loc":{"start":{"line":108,"column":50},"end":{"line":116,"column":7}},"line":108},"25":{"name":"(anonymous_25)","decl":{"start":{"line":109,"column":30},"end":{"line":109,"column":31}},"loc":{"start":{"line":109,"column":40},"end":{"line":109,"column":74}},"line":109},"26":{"name":"(anonymous_26)","decl":{"start":{"line":112,"column":29},"end":{"line":112,"column":30}},"loc":{"start":{"line":112,"column":39},"end":{"line":112,"column":44}},"line":112},"27":{"name":"(anonymous_27)","decl":{"start":{"line":122,"column":45},"end":{"line":122,"column":46}},"loc":{"start":{"line":122,"column":56},"end":{"line":133,"column":1}},"line":122},"28":{"name":"(anonymous_28)","decl":{"start":{"line":123,"column":21},"end":{"line":123,"column":22}},"loc":{"start":{"line":123,"column":42},"end":{"line":132,"column":3}},"line":123},"29":{"name":"(anonymous_29)","decl":{"start":{"line":125,"column":40},"end":{"line":125,"column":41}},"loc":{"start":{"line":125,"column":50},"end":{"line":129,"column":7}},"line":125}},"branchMap":{"0":{"loc":{"start":{"line":15,"column":4},"end":{"line":24,"column":44}},"type":"if","locations":[{"start":{"line":15,"column":4},"end":{"line":24,"column":44}},{"start":{"line":24,"column":6},"end":{"line":24,"column":44}}],"line":15},"1":{"loc":{"start":{"line":15,"column":10},"end":{"line":15,"column":49}},"type":"binary-expr","locations":[{"start":{"line":15,"column":10},"end":{"line":15,"column":25}},{"start":{"line":15,"column":29},"end":{"line":15,"column":49}}],"line":15},"2":{"loc":{"start":{"line":31,"column":4},"end":{"line":40,"column":44}},"type":"if","locations":[{"start":{"line":31,"column":4},"end":{"line":40,"column":44}},{"start":{"line":40,"column":6},"end":{"line":40,"column":44}}],"line":31},"3":{"loc":{"start":{"line":31,"column":10},"end":{"line":31,"column":49}},"type":"binary-expr","locations":[{"start":{"line":31,"column":10},"end":{"line":31,"column":25}},{"start":{"line":31,"column":29},"end":{"line":31,"column":49}}],"line":31},"4":{"loc":{"start":{"line":47,"column":4},"end":{"line":54,"column":46}},"type":"if","locations":[{"start":{"line":47,"column":4},"end":{"line":54,"column":46}},{"start":{"line":54,"column":6},"end":{"line":54,"column":46}}],"line":47},"5":{"loc":{"start":{"line":47,"column":10},"end":{"line":47,"column":53}},"type":"binary-expr","locations":[{"start":{"line":47,"column":10},"end":{"line":47,"column":27}},{"start":{"line":47,"column":31},"end":{"line":47,"column":53}}],"line":47},"6":{"loc":{"start":{"line":61,"column":4},"end":{"line":74,"column":46}},"type":"if","locations":[{"start":{"line":61,"column":4},"end":{"line":74,"column":46}},{"start":{"line":74,"column":6},"end":{"line":74,"column":46}}],"line":61},"7":{"loc":{"start":{"line":61,"column":10},"end":{"line":61,"column":53}},"type":"binary-expr","locations":[{"start":{"line":61,"column":10},"end":{"line":61,"column":27}},{"start":{"line":61,"column":31},"end":{"line":61,"column":53}}],"line":61},"8":{"loc":{"start":{"line":67,"column":8},"end":{"line":68,"column":30}},"type":"if","locations":[{"start":{"line":67,"column":8},"end":{"line":68,"column":30}},{"start":{},"end":{}}],"line":67},"9":{"loc":{"start":{"line":83,"column":4},"end":{"line":98,"column":44}},"type":"if","locations":[{"start":{"line":83,"column":4},"end":{"line":98,"column":44}},{"start":{"line":98,"column":6},"end":{"line":98,"column":44}}],"line":83},"10":{"loc":{"start":{"line":83,"column":10},"end":{"line":83,"column":47}},"type":"binary-expr","locations":[{"start":{"line":83,"column":10},"end":{"line":83,"column":24}},{"start":{"line":83,"column":28},"end":{"line":83,"column":47}}],"line":83},"11":{"loc":{"start":{"line":107,"column":4},"end":{"line":118,"column":44}},"type":"if","locations":[{"start":{"line":107,"column":4},"end":{"line":118,"column":44}},{"start":{"line":118,"column":6},"end":{"line":118,"column":44}}],"line":107},"12":{"loc":{"start":{"line":107,"column":10},"end":{"line":107,"column":47}},"type":"binary-expr","locations":[{"start":{"line":107,"column":10},"end":{"line":107,"column":24}},{"start":{"line":107,"column":28},"end":{"line":107,"column":47}}],"line":107},"13":{"loc":{"start":{"line":124,"column":4},"end":{"line":131,"column":44}},"type":"if","locations":[{"start":{"line":124,"column":4},"end":{"line":131,"column":44}},{"start":{"line":131,"column":6},"end":{"line":131,"column":44}}],"line":124},"14":{"loc":{"start":{"line":124,"column":10},"end":{"line":124,"column":47}},"type":"binary-expr","locations":[{"start":{"line":124,"column":10},"end":{"line":124,"column":24}},{"start":{"line":124,"column":28},"end":{"line":124,"column":47}}],"line":124}},"s":{"0":1,"1":1,"2":1,"3":1,"4":3,"5":3,"6":3,"7":2,"8":2,"9":40,"10":2,"11":38,"12":2,"13":1,"14":1,"15":3,"16":3,"17":2,"18":2,"19":15,"20":3,"21":2,"22":1,"23":1,"24":3,"25":3,"26":2,"27":2,"28":2,"29":1,"30":1,"31":3,"32":3,"33":2,"34":2,"35":40,"36":1,"37":2,"38":1,"39":2,"40":1,"41":1,"42":3,"43":3,"44":3,"45":2,"46":2,"47":40,"48":2,"49":2,"50":36,"51":2,"52":1,"53":1,"54":3,"55":3,"56":3,"57":2,"58":2,"59":40,"60":2,"61":38,"62":2,"63":1,"64":1,"65":3,"66":3,"67":2,"68":2,"69":2,"70":1},"f":{"0":3,"1":3,"2":2,"3":40,"4":38,"5":3,"6":3,"7":2,"8":15,"9":3,"10":3,"11":3,"12":2,"13":3,"14":3,"15":2,"16":40,"17":1,"18":3,"19":3,"20":2,"21":40,"22":3,"23":3,"24":2,"25":40,"26":38,"27":3,"28":3,"29":2},"b":{"0":[2,1],"1":[3,3],"2":[2,1],"3":[3,3],"4":[2,1],"5":[3,3],"6":[2,1],"7":[3,3],"8":[1,1],"9":[2,1],"10":[3,3],"11":[2,1],"12":[3,3],"13":[2,1],"14":[3,3]},"_coverageSchema":"1a1c01bbd47fc00a2c39e90264f33305004495a9","hash":"c2931304fa48aea41af40d242d34c49b550ed870"}
}
