{"/home/ilegra/Documents/Gustavo/ws-intellij/ilegra-frontend/04 - Spotify/src/functions.js": {"path":"/home/ilegra/Documents/Gustavo/ws-intellij/ilegra-frontend/04 - Spotify/src/functions.js","statementMap":{"0":{"start":{"line":1,"column":0},"end":{"line":1,"column":26}},"1":{"start":{"line":3,"column":0},"end":{"line":3,"column":37}},"2":{"start":{"line":5,"column":23},"end":{"line":5,"column":57}},"3":{"start":{"line":7,"column":16},"end":{"line":10,"column":2}},"4":{"start":{"line":13,"column":20},"end":{"line":13,"column":22}},"5":{"start":{"line":15,"column":2},"end":{"line":27,"column":4}},"6":{"start":{"line":17,"column":4},"end":{"line":26,"column":44}},"7":{"start":{"line":18,"column":6},"end":{"line":24,"column":9}},"8":{"start":{"line":19,"column":8},"end":{"line":19,"column":75}},"9":{"start":{"line":19,"column":40},"end":{"line":19,"column":73}},"10":{"start":{"line":21,"column":34},"end":{"line":21,"column":67}},"11":{"start":{"line":21,"column":61},"end":{"line":21,"column":66}},"12":{"start":{"line":23,"column":8},"end":{"line":23,"column":35}},"13":{"start":{"line":26,"column":6},"end":{"line":26,"column":44}},"14":{"start":{"line":31,"column":2},"end":{"line":43,"column":4}},"15":{"start":{"line":33,"column":4},"end":{"line":42,"column":44}},"16":{"start":{"line":34,"column":6},"end":{"line":40,"column":9}},"17":{"start":{"line":35,"column":26},"end":{"line":37,"column":49}},"18":{"start":{"line":36,"column":28},"end":{"line":36,"column":48}},"19":{"start":{"line":37,"column":25},"end":{"line":37,"column":45}},"20":{"start":{"line":39,"column":8},"end":{"line":39,"column":26}},"21":{"start":{"line":42,"column":6},"end":{"line":42,"column":44}},"22":{"start":{"line":47,"column":2},"end":{"line":57,"column":4}},"23":{"start":{"line":49,"column":4},"end":{"line":56,"column":46}},"24":{"start":{"line":50,"column":6},"end":{"line":54,"column":9}},"25":{"start":{"line":51,"column":34},"end":{"line":51,"column":54}},"26":{"start":{"line":53,"column":8},"end":{"line":53,"column":34}},"27":{"start":{"line":56,"column":6},"end":{"line":56,"column":46}},"28":{"start":{"line":61,"column":2},"end":{"line":77,"column":4}},"29":{"start":{"line":63,"column":4},"end":{"line":76,"column":46}},"30":{"start":{"line":64,"column":6},"end":{"line":73,"column":9}},"31":{"start":{"line":65,"column":27},"end":{"line":67,"column":46}},"32":{"start":{"line":66,"column":28},"end":{"line":66,"column":50}},"33":{"start":{"line":67,"column":25},"end":{"line":67,"column":42}},"34":{"start":{"line":69,"column":8},"end":{"line":70,"column":30}},"35":{"start":{"line":70,"column":10},"end":{"line":70,"column":30}},"36":{"start":{"line":72,"column":8},"end":{"line":72,"column":48}},"37":{"start":{"line":76,"column":6},"end":{"line":76,"column":46}},"38":{"start":{"line":81,"column":30},"end":{"line":81,"column":39}},"39":{"start":{"line":83,"column":2},"end":{"line":100,"column":4}},"40":{"start":{"line":85,"column":4},"end":{"line":99,"column":44}},"41":{"start":{"line":86,"column":6},"end":{"line":97,"column":9}},"42":{"start":{"line":87,"column":8},"end":{"line":91,"column":10}},"43":{"start":{"line":88,"column":10},"end":{"line":90,"column":11}},"44":{"start":{"line":93,"column":35},"end":{"line":93,"column":37}},"45":{"start":{"line":94,"column":8},"end":{"line":94,"column":72}},"46":{"start":{"line":94,"column":42},"end":{"line":94,"column":72}},"47":{"start":{"line":96,"column":8},"end":{"line":96,"column":35}},"48":{"start":{"line":99,"column":6},"end":{"line":99,"column":44}},"49":{"start":{"line":104,"column":22},"end":{"line":104,"column":24}},"50":{"start":{"line":106,"column":2},"end":{"line":120,"column":4}},"51":{"start":{"line":108,"column":4},"end":{"line":119,"column":44}},"52":{"start":{"line":109,"column":6},"end":{"line":117,"column":9}},"53":{"start":{"line":110,"column":8},"end":{"line":110,"column":76}},"54":{"start":{"line":110,"column":40},"end":{"line":110,"column":74}},"55":{"start":{"line":112,"column":30},"end":{"line":114,"column":9}},"56":{"start":{"line":113,"column":39},"end":{"line":113,"column":44}},"57":{"start":{"line":116,"column":8},"end":{"line":116,"column":30}},"58":{"start":{"line":119,"column":6},"end":{"line":119,"column":44}},"59":{"start":{"line":124,"column":2},"end":{"line":133,"column":4}},"60":{"start":{"line":125,"column":4},"end":{"line":132,"column":44}},"61":{"start":{"line":126,"column":6},"end":{"line":130,"column":9}},"62":{"start":{"line":127,"column":31},"end":{"line":127,"column":48}},"63":{"start":{"line":129,"column":8},"end":{"line":129,"column":31}},"64":{"start":{"line":132,"column":6},"end":{"line":132,"column":44}},"65":{"start":{"line":136,"column":0},"end":{"line":136,"column":217}}},"fnMap":{"0":{"name":"getTotalTracksInAlbuns","decl":{"start":{"line":12,"column":9},"end":{"line":12,"column":31}},"loc":{"start":{"line":12,"column":40},"end":{"line":28,"column":1}},"line":12},"1":{"name":"(anonymous_1)","decl":{"start":{"line":15,"column":21},"end":{"line":15,"column":22}},"loc":{"start":{"line":15,"column":42},"end":{"line":27,"column":3}},"line":15},"2":{"name":"(anonymous_2)","decl":{"start":{"line":18,"column":41},"end":{"line":18,"column":42}},"loc":{"start":{"line":18,"column":51},"end":{"line":24,"column":7}},"line":18},"3":{"name":"(anonymous_3)","decl":{"start":{"line":19,"column":30},"end":{"line":19,"column":31}},"loc":{"start":{"line":19,"column":40},"end":{"line":19,"column":73}},"line":19},"4":{"name":"(anonymous_4)","decl":{"start":{"line":21,"column":51},"end":{"line":21,"column":52}},"loc":{"start":{"line":21,"column":61},"end":{"line":21,"column":66}},"line":21},"5":{"name":"getQuantityArtistFollowers","decl":{"start":{"line":30,"column":9},"end":{"line":30,"column":35}},"loc":{"start":{"line":30,"column":44},"end":{"line":44,"column":1}},"line":30},"6":{"name":"(anonymous_6)","decl":{"start":{"line":31,"column":21},"end":{"line":31,"column":22}},"loc":{"start":{"line":31,"column":42},"end":{"line":43,"column":3}},"line":31},"7":{"name":"(anonymous_7)","decl":{"start":{"line":34,"column":42},"end":{"line":34,"column":43}},"loc":{"start":{"line":34,"column":52},"end":{"line":40,"column":7}},"line":34},"8":{"name":"(anonymous_8)","decl":{"start":{"line":36,"column":18},"end":{"line":36,"column":19}},"loc":{"start":{"line":36,"column":28},"end":{"line":36,"column":48}},"line":36},"9":{"name":"(anonymous_9)","decl":{"start":{"line":37,"column":15},"end":{"line":37,"column":16}},"loc":{"start":{"line":37,"column":25},"end":{"line":37,"column":45}},"line":37},"10":{"name":"getTotalPlaylistResearched","decl":{"start":{"line":46,"column":9},"end":{"line":46,"column":35}},"loc":{"start":{"line":46,"column":46},"end":{"line":58,"column":1}},"line":46},"11":{"name":"(anonymous_11)","decl":{"start":{"line":47,"column":21},"end":{"line":47,"column":22}},"loc":{"start":{"line":47,"column":42},"end":{"line":57,"column":3}},"line":47},"12":{"name":"(anonymous_12)","decl":{"start":{"line":50,"column":46},"end":{"line":50,"column":47}},"loc":{"start":{"line":50,"column":56},"end":{"line":54,"column":7}},"line":50},"13":{"name":"getTotalTrackInPlaylist","decl":{"start":{"line":60,"column":9},"end":{"line":60,"column":32}},"loc":{"start":{"line":60,"column":43},"end":{"line":78,"column":1}},"line":60},"14":{"name":"(anonymous_14)","decl":{"start":{"line":61,"column":21},"end":{"line":61,"column":22}},"loc":{"start":{"line":61,"column":42},"end":{"line":77,"column":3}},"line":61},"15":{"name":"(anonymous_15)","decl":{"start":{"line":64,"column":46},"end":{"line":64,"column":47}},"loc":{"start":{"line":64,"column":56},"end":{"line":73,"column":7}},"line":64},"16":{"name":"(anonymous_16)","decl":{"start":{"line":66,"column":18},"end":{"line":66,"column":19}},"loc":{"start":{"line":66,"column":28},"end":{"line":66,"column":50}},"line":66},"17":{"name":"(anonymous_17)","decl":{"start":{"line":67,"column":15},"end":{"line":67,"column":16}},"loc":{"start":{"line":67,"column":25},"end":{"line":67,"column":42}},"line":67},"18":{"name":"getTrackAndArtistsByResearch","decl":{"start":{"line":80,"column":9},"end":{"line":80,"column":37}},"loc":{"start":{"line":80,"column":45},"end":{"line":101,"column":1}},"line":80},"19":{"name":"(anonymous_19)","decl":{"start":{"line":83,"column":21},"end":{"line":83,"column":22}},"loc":{"start":{"line":83,"column":42},"end":{"line":100,"column":3}},"line":83},"20":{"name":"(anonymous_20)","decl":{"start":{"line":86,"column":40},"end":{"line":86,"column":41}},"loc":{"start":{"line":86,"column":50},"end":{"line":97,"column":7}},"line":86},"21":{"name":"(anonymous_21)","decl":{"start":{"line":87,"column":30},"end":{"line":87,"column":31}},"loc":{"start":{"line":88,"column":10},"end":{"line":90,"column":11}},"line":88},"22":{"name":"getDurationTotalTracksResearched","decl":{"start":{"line":103,"column":9},"end":{"line":103,"column":41}},"loc":{"start":{"line":103,"column":49},"end":{"line":121,"column":1}},"line":103},"23":{"name":"(anonymous_23)","decl":{"start":{"line":106,"column":21},"end":{"line":106,"column":22}},"loc":{"start":{"line":106,"column":42},"end":{"line":120,"column":3}},"line":106},"24":{"name":"(anonymous_24)","decl":{"start":{"line":109,"column":40},"end":{"line":109,"column":41}},"loc":{"start":{"line":109,"column":50},"end":{"line":117,"column":7}},"line":109},"25":{"name":"(anonymous_25)","decl":{"start":{"line":110,"column":30},"end":{"line":110,"column":31}},"loc":{"start":{"line":110,"column":40},"end":{"line":110,"column":74}},"line":110},"26":{"name":"(anonymous_26)","decl":{"start":{"line":113,"column":29},"end":{"line":113,"column":30}},"loc":{"start":{"line":113,"column":39},"end":{"line":113,"column":44}},"line":113},"27":{"name":"getQuantityTracksResearched","decl":{"start":{"line":123,"column":9},"end":{"line":123,"column":36}},"loc":{"start":{"line":123,"column":44},"end":{"line":134,"column":1}},"line":123},"28":{"name":"(anonymous_28)","decl":{"start":{"line":124,"column":21},"end":{"line":124,"column":22}},"loc":{"start":{"line":124,"column":42},"end":{"line":133,"column":3}},"line":124},"29":{"name":"(anonymous_29)","decl":{"start":{"line":126,"column":40},"end":{"line":126,"column":41}},"loc":{"start":{"line":126,"column":50},"end":{"line":130,"column":7}},"line":126}},"branchMap":{"0":{"loc":{"start":{"line":17,"column":4},"end":{"line":26,"column":44}},"type":"if","locations":[{"start":{"line":17,"column":4},"end":{"line":26,"column":44}},{"start":{"line":26,"column":6},"end":{"line":26,"column":44}}],"line":17},"1":{"loc":{"start":{"line":17,"column":10},"end":{"line":17,"column":49}},"type":"binary-expr","locations":[{"start":{"line":17,"column":10},"end":{"line":17,"column":25}},{"start":{"line":17,"column":29},"end":{"line":17,"column":49}}],"line":17},"2":{"loc":{"start":{"line":33,"column":4},"end":{"line":42,"column":44}},"type":"if","locations":[{"start":{"line":33,"column":4},"end":{"line":42,"column":44}},{"start":{"line":42,"column":6},"end":{"line":42,"column":44}}],"line":33},"3":{"loc":{"start":{"line":33,"column":10},"end":{"line":33,"column":49}},"type":"binary-expr","locations":[{"start":{"line":33,"column":10},"end":{"line":33,"column":25}},{"start":{"line":33,"column":29},"end":{"line":33,"column":49}}],"line":33},"4":{"loc":{"start":{"line":49,"column":4},"end":{"line":56,"column":46}},"type":"if","locations":[{"start":{"line":49,"column":4},"end":{"line":56,"column":46}},{"start":{"line":56,"column":6},"end":{"line":56,"column":46}}],"line":49},"5":{"loc":{"start":{"line":49,"column":10},"end":{"line":49,"column":53}},"type":"binary-expr","locations":[{"start":{"line":49,"column":10},"end":{"line":49,"column":27}},{"start":{"line":49,"column":31},"end":{"line":49,"column":53}}],"line":49},"6":{"loc":{"start":{"line":63,"column":4},"end":{"line":76,"column":46}},"type":"if","locations":[{"start":{"line":63,"column":4},"end":{"line":76,"column":46}},{"start":{"line":76,"column":6},"end":{"line":76,"column":46}}],"line":63},"7":{"loc":{"start":{"line":63,"column":10},"end":{"line":63,"column":53}},"type":"binary-expr","locations":[{"start":{"line":63,"column":10},"end":{"line":63,"column":27}},{"start":{"line":63,"column":31},"end":{"line":63,"column":53}}],"line":63},"8":{"loc":{"start":{"line":69,"column":8},"end":{"line":70,"column":30}},"type":"if","locations":[{"start":{"line":69,"column":8},"end":{"line":70,"column":30}},{"start":{},"end":{}}],"line":69},"9":{"loc":{"start":{"line":85,"column":4},"end":{"line":99,"column":44}},"type":"if","locations":[{"start":{"line":85,"column":4},"end":{"line":99,"column":44}},{"start":{"line":99,"column":6},"end":{"line":99,"column":44}}],"line":85},"10":{"loc":{"start":{"line":85,"column":10},"end":{"line":85,"column":47}},"type":"binary-expr","locations":[{"start":{"line":85,"column":10},"end":{"line":85,"column":24}},{"start":{"line":85,"column":28},"end":{"line":85,"column":47}}],"line":85},"11":{"loc":{"start":{"line":108,"column":4},"end":{"line":119,"column":44}},"type":"if","locations":[{"start":{"line":108,"column":4},"end":{"line":119,"column":44}},{"start":{"line":119,"column":6},"end":{"line":119,"column":44}}],"line":108},"12":{"loc":{"start":{"line":108,"column":10},"end":{"line":108,"column":47}},"type":"binary-expr","locations":[{"start":{"line":108,"column":10},"end":{"line":108,"column":24}},{"start":{"line":108,"column":28},"end":{"line":108,"column":47}}],"line":108},"13":{"loc":{"start":{"line":125,"column":4},"end":{"line":132,"column":44}},"type":"if","locations":[{"start":{"line":125,"column":4},"end":{"line":132,"column":44}},{"start":{"line":132,"column":6},"end":{"line":132,"column":44}}],"line":125},"14":{"loc":{"start":{"line":125,"column":10},"end":{"line":125,"column":47}},"type":"binary-expr","locations":[{"start":{"line":125,"column":10},"end":{"line":125,"column":24}},{"start":{"line":125,"column":28},"end":{"line":125,"column":47}}],"line":125}},"s":{"0":1,"1":1,"2":1,"3":1,"4":3,"5":3,"6":3,"7":2,"8":2,"9":40,"10":2,"11":38,"12":2,"13":1,"14":3,"15":3,"16":2,"17":2,"18":7,"19":2,"20":2,"21":1,"22":4,"23":4,"24":3,"25":3,"26":3,"27":1,"28":3,"29":3,"30":2,"31":2,"32":40,"33":1,"34":2,"35":1,"36":2,"37":1,"38":3,"39":3,"40":3,"41":2,"42":2,"43":40,"44":2,"45":2,"46":34,"47":2,"48":1,"49":3,"50":3,"51":3,"52":2,"53":2,"54":40,"55":2,"56":38,"57":2,"58":1,"59":3,"60":3,"61":2,"62":2,"63":2,"64":1,"65":1},"f":{"0":3,"1":3,"2":2,"3":40,"4":38,"5":3,"6":3,"7":2,"8":7,"9":2,"10":4,"11":4,"12":3,"13":3,"14":3,"15":2,"16":40,"17":1,"18":3,"19":3,"20":2,"21":40,"22":3,"23":3,"24":2,"25":40,"26":38,"27":3,"28":3,"29":2},"b":{"0":[2,1],"1":[3,3],"2":[2,1],"3":[3,3],"4":[3,1],"5":[4,4],"6":[2,1],"7":[3,3],"8":[1,1],"9":[2,1],"10":[3,3],"11":[2,1],"12":[3,3],"13":[2,1],"14":[3,3]},"_coverageSchema":"1a1c01bbd47fc00a2c39e90264f33305004495a9","hash":"3c3efe630c318516faa3dba690bef85087f4b4ee"}
}
