TN:
SF:src/functions.js
FN:10,(anonymous_0)
FN:13,(anonymous_1)
FN:16,(anonymous_2)
FN:17,(anonymous_3)
FN:19,(anonymous_4)
FN:28,(anonymous_5)
FN:29,(anonymous_6)
FN:32,(anonymous_7)
FN:34,(anonymous_8)
FN:35,(anonymous_9)
FN:44,(anonymous_10)
FN:45,(anonymous_11)
FN:48,(anonymous_12)
FN:58,(anonymous_13)
FN:59,(anonymous_14)
FN:62,(anonymous_15)
FN:64,(anonymous_16)
FN:65,(anonymous_17)
FN:78,(anonymous_18)
FN:81,(anonymous_19)
FN:84,(anonymous_20)
FN:85,(anonymous_21)
FN:102,(anonymous_22)
FN:105,(anonymous_23)
FN:108,(anonymous_24)
FN:109,(anonymous_25)
FN:112,(anonymous_26)
FN:122,(anonymous_27)
FN:123,(anonymous_28)
FN:125,(anonymous_29)
FNF:30
FNH:30
FNDA:3,(anonymous_0)
FNDA:3,(anonymous_1)
FNDA:2,(anonymous_2)
FNDA:40,(anonymous_3)
FNDA:38,(anonymous_4)
FNDA:3,(anonymous_5)
FNDA:3,(anonymous_6)
FNDA:2,(anonymous_7)
FNDA:15,(anonymous_8)
FNDA:3,(anonymous_9)
FNDA:3,(anonymous_10)
FNDA:3,(anonymous_11)
FNDA:2,(anonymous_12)
FNDA:3,(anonymous_13)
FNDA:3,(anonymous_14)
FNDA:2,(anonymous_15)
FNDA:40,(anonymous_16)
FNDA:1,(anonymous_17)
FNDA:3,(anonymous_18)
FNDA:3,(anonymous_19)
FNDA:2,(anonymous_20)
FNDA:40,(anonymous_21)
FNDA:3,(anonymous_22)
FNDA:3,(anonymous_23)
FNDA:2,(anonymous_24)
FNDA:40,(anonymous_25)
FNDA:38,(anonymous_26)
FNDA:3,(anonymous_27)
FNDA:3,(anonymous_28)
FNDA:2,(anonymous_29)
DA:1,1
DA:3,1
DA:5,1
DA:10,1
DA:11,3
DA:13,3
DA:15,3
DA:16,2
DA:17,40
DA:19,38
DA:21,2
DA:24,1
DA:28,1
DA:29,3
DA:31,3
DA:32,2
DA:33,2
DA:34,15
DA:35,3
DA:37,2
DA:40,1
DA:44,1
DA:45,3
DA:47,3
DA:48,2
DA:49,2
DA:51,2
DA:54,1
DA:58,1
DA:59,3
DA:61,3
DA:62,2
DA:63,2
DA:64,40
DA:65,1
DA:67,2
DA:68,1
DA:70,2
DA:74,1
DA:78,1
DA:79,3
DA:81,3
DA:83,3
DA:84,2
DA:85,2
DA:86,40
DA:91,2
DA:93,36
DA:95,2
DA:98,1
DA:102,1
DA:103,3
DA:105,3
DA:107,3
DA:108,2
DA:109,40
DA:111,2
DA:112,38
DA:115,2
DA:118,1
DA:122,1
DA:123,3
DA:124,3
DA:125,2
DA:126,2
DA:128,2
DA:131,1
LF:67
LH:67
BRDA:15,0,0,2
BRDA:15,0,1,1
BRDA:15,1,0,3
BRDA:15,1,1,3
BRDA:31,2,0,2
BRDA:31,2,1,1
BRDA:31,3,0,3
BRDA:31,3,1,3
BRDA:47,4,0,2
BRDA:47,4,1,1
BRDA:47,5,0,3
BRDA:47,5,1,3
BRDA:61,6,0,2
BRDA:61,6,1,1
BRDA:61,7,0,3
BRDA:61,7,1,3
BRDA:67,8,0,1
BRDA:67,8,1,1
BRDA:83,9,0,2
BRDA:83,9,1,1
BRDA:83,10,0,3
BRDA:83,10,1,3
BRDA:107,11,0,2
BRDA:107,11,1,1
BRDA:107,12,0,3
BRDA:107,12,1,3
BRDA:124,13,0,2
BRDA:124,13,1,1
BRDA:124,14,0,3
BRDA:124,14,1,3
BRF:30
BRH:30
end_of_record
