TN:
SF:src/functions.js
FN:12,getTotalTracksInAlbuns
FN:15,(anonymous_1)
FN:18,(anonymous_2)
FN:19,(anonymous_3)
FN:21,(anonymous_4)
FN:30,getQuantityArtistFollowers
FN:31,(anonymous_6)
FN:34,(anonymous_7)
FN:36,(anonymous_8)
FN:37,(anonymous_9)
FN:46,getTotalPlaylistResearched
FN:47,(anonymous_11)
FN:50,(anonymous_12)
FN:60,getTotalTrackInPlaylist
FN:61,(anonymous_14)
FN:64,(anonymous_15)
FN:66,(anonymous_16)
FN:67,(anonymous_17)
FN:80,getTrackAndArtistsByResearch
FN:83,(anonymous_19)
FN:86,(anonymous_20)
FN:87,(anonymous_21)
FN:103,getDurationTotalTracksResearched
FN:106,(anonymous_23)
FN:109,(anonymous_24)
FN:110,(anonymous_25)
FN:113,(anonymous_26)
FN:123,getQuantityTracksResearched
FN:124,(anonymous_28)
FN:126,(anonymous_29)
FNF:30
FNH:30
FNDA:3,getTotalTracksInAlbuns
FNDA:3,(anonymous_1)
FNDA:2,(anonymous_2)
FNDA:40,(anonymous_3)
FNDA:38,(anonymous_4)
FNDA:3,getQuantityArtistFollowers
FNDA:3,(anonymous_6)
FNDA:2,(anonymous_7)
FNDA:7,(anonymous_8)
FNDA:2,(anonymous_9)
FNDA:4,getTotalPlaylistResearched
FNDA:4,(anonymous_11)
FNDA:3,(anonymous_12)
FNDA:3,getTotalTrackInPlaylist
FNDA:3,(anonymous_14)
FNDA:2,(anonymous_15)
FNDA:40,(anonymous_16)
FNDA:1,(anonymous_17)
FNDA:3,getTrackAndArtistsByResearch
FNDA:3,(anonymous_19)
FNDA:2,(anonymous_20)
FNDA:40,(anonymous_21)
FNDA:3,getDurationTotalTracksResearched
FNDA:3,(anonymous_23)
FNDA:2,(anonymous_24)
FNDA:40,(anonymous_25)
FNDA:38,(anonymous_26)
FNDA:3,getQuantityTracksResearched
FNDA:3,(anonymous_28)
FNDA:2,(anonymous_29)
DA:1,1
DA:3,1
DA:5,1
DA:7,1
DA:13,3
DA:15,3
DA:17,3
DA:18,2
DA:19,40
DA:21,38
DA:23,2
DA:26,1
DA:31,3
DA:33,3
DA:34,2
DA:35,2
DA:36,7
DA:37,2
DA:39,2
DA:42,1
DA:47,4
DA:49,4
DA:50,3
DA:51,3
DA:53,3
DA:56,1
DA:61,3
DA:63,3
DA:64,2
DA:65,2
DA:66,40
DA:67,1
DA:69,2
DA:70,1
DA:72,2
DA:76,1
DA:81,3
DA:83,3
DA:85,3
DA:86,2
DA:87,2
DA:88,40
DA:93,2
DA:94,34
DA:96,2
DA:99,1
DA:104,3
DA:106,3
DA:108,3
DA:109,2
DA:110,40
DA:112,2
DA:113,38
DA:116,2
DA:119,1
DA:124,3
DA:125,3
DA:126,2
DA:127,2
DA:129,2
DA:132,1
DA:136,1
LF:62
LH:62
BRDA:17,0,0,2
BRDA:17,0,1,1
BRDA:17,1,0,3
BRDA:17,1,1,3
BRDA:33,2,0,2
BRDA:33,2,1,1
BRDA:33,3,0,3
BRDA:33,3,1,3
BRDA:49,4,0,3
BRDA:49,4,1,1
BRDA:49,5,0,4
BRDA:49,5,1,4
BRDA:63,6,0,2
BRDA:63,6,1,1
BRDA:63,7,0,3
BRDA:63,7,1,3
BRDA:69,8,0,1
BRDA:69,8,1,1
BRDA:85,9,0,2
BRDA:85,9,1,1
BRDA:85,10,0,3
BRDA:85,10,1,3
BRDA:108,11,0,2
BRDA:108,11,1,1
BRDA:108,12,0,3
BRDA:108,12,1,3
BRDA:125,13,0,2
BRDA:125,13,1,1
BRDA:125,14,0,3
BRDA:125,14,1,3
BRF:30
BRH:30
end_of_record
